Using pre-set license
Built from '2020.3/staging' branch; Version is '2020.3.9f1 (108be757e447) revision 1084391'; Using compiler version '192528614'; Build Type 'Release'
OS: 'Windows 10 Pro; OS build 22000.258; Version 2009; 64bit' Language: 'ko' Physical Memory: 16233 MB
BatchMode: 1, IsHumanControllingUs: 0, StartBugReporterOnCrash: 0, Is64bit: 1, IsPro: 0

 COMMAND LINE ARGUMENTS:
F:\Unity\2020.3.9f1\Editor\Unity.exe
-adb2
-batchMode
-noUpm
-name
AssetImportWorker0
-projectPath
C:/Users/ROG/Desktop/MergeTest
-logFile
Logs/AssetImportWorker0.log
-srvPort
54625
Successfully changed project path to: C:/Users/ROG/Desktop/MergeTest
C:/Users/ROG/Desktop/MergeTest
Using Asset Import Pipeline V2.
Refreshing native plugins compatible for Editor in 38.05 ms, found 1 plugins.
Preloading 0 native plugins for Editor in 0.00 ms.
Initialize engine version: 2020.3.9f1 (108be757e447)
[Subsystems] Discovering subsystems at path F:/Unity/2020.3.9f1/Editor/Data/Resources/UnitySubsystems
[Subsystems] Discovering subsystems at path C:/Users/ROG/Desktop/MergeTest/Assets
GfxDevice: creating device client; threaded=0
Direct3D:
    Version:  Direct3D 11.0 [level 11.1]
    Renderer: NVIDIA GeForce RTX 2060 (ID=0x1f11)
    Vendor:   
    VRAM:     5980 MB
    Driver:   27.21.14.5763
Initialize mono
Mono path[0] = 'F:/Unity/2020.3.9f1/Editor/Data/Managed'
Mono path[1] = 'F:/Unity/2020.3.9f1/Editor/Data/MonoBleedingEdge/lib/mono/unityjit'
Mono config path = 'F:/Unity/2020.3.9f1/Editor/Data/MonoBleedingEdge/etc'
Using monoOptions --debugger-agent=transport=dt_socket,embedding=1,server=y,suspend=n,address=127.0.0.1:56240
Begin MonoManager ReloadAssembly
Registering precompiled unity dll's ...
Register platform support module: F:/Unity/2020.3.9f1/Editor/Data/PlaybackEngines/WindowsStandaloneSupport/UnityEditor.WindowsStandalone.Extensions.dll
Registered in 0.001791 seconds.
Native extension for WindowsStandalone target not found
Refreshing native plugins compatible for Editor in 41.19 ms, found 1 plugins.
Preloading 0 native plugins for Editor in 0.00 ms.
Mono: successfully reloaded assembly
- Completed reload, in  2.724 seconds
Platform modules already initialized, skipping
Registering precompiled user dll's ...
Registered in 0.003178 seconds.
Begin MonoManager ReloadAssembly
Native extension for WindowsStandalone target not found
Refreshing native plugins compatible for Editor in 37.25 ms, found 1 plugins.
Preloading 0 native plugins for Editor in 0.00 ms.
Mono: successfully reloaded assembly
- Completed reload, in  0.974 seconds
Platform modules already initialized, skipping
========================================================================
Worker process is ready to serve import requests
Launched and connected shader compiler UnityShaderCompiler.exe after 0.07 seconds
Refreshing native plugins compatible for Editor in 0.33 ms, found 1 plugins.
Preloading 0 native plugins for Editor in 0.00 ms.
Unloading 1826 Unused Serialized files (Serialized files now loaded: 0)
System memory in use before: 85.6 MB.
System memory in use after: 85.5 MB.

Unloading 26 unused Assets to reduce memory usage. Loaded Objects now: 2274.
Total: 2.166100 ms (FindLiveObjects: 0.211600 ms CreateObjectMapping: 0.069400 ms MarkObjects: 1.749300 ms  DeleteObjects: 0.134800 ms)

========================================================================
Received Import Request.
  path: Assets/04.Sprites/ETC/BackGround/GroundTile.png
  artifactKey: Guid(e597178b8366d9a48801734c37800e23) Importer(815301076,1909f56bfc062723c751e8b465ee728b)
Start importing Assets/04.Sprites/ETC/BackGround/GroundTile.png using Guid(e597178b8366d9a48801734c37800e23) Importer(815301076,1909f56bfc062723c751e8b465ee728b)  -> (artifact id: 'b8ba18f2f3a07e26195b64984d50b2d7') in 0.116311 seconds
  Import took 0.119897 seconds .

========================================================================
Received Import Request.
  Time since last request: 45.830840 seconds.
  path: Assets/04.Sprites/ETC/BackGround/GroundTile.png
  artifactKey: Guid(e597178b8366d9a48801734c37800e23) Importer(815301076,1909f56bfc062723c751e8b465ee728b)
Start importing Assets/04.Sprites/ETC/BackGround/GroundTile.png using Guid(e597178b8366d9a48801734c37800e23) Importer(815301076,1909f56bfc062723c751e8b465ee728b)  -> (artifact id: 'b1897713b41307a4b52f3f01525be355') in 0.016563 seconds
  Import took 0.021035 seconds .

========================================================================
Received Import Request.
  Time since last request: 71.495598 seconds.
  path: Assets/04.Sprites/ETC/BackGround/GroundTile.png
  artifactKey: Guid(e597178b8366d9a48801734c37800e23) Importer(815301076,1909f56bfc062723c751e8b465ee728b)
Start importing Assets/04.Sprites/ETC/BackGround/GroundTile.png using Guid(e597178b8366d9a48801734c37800e23) Importer(815301076,1909f56bfc062723c751e8b465ee728b)  -> (artifact id: '339810f2ee5f83d88d4de10c432c2cbb') in 0.010733 seconds
  Import took 0.014379 seconds .

========================================================================
Received Import Request.
  Time since last request: 0.003355 seconds.
  path: Assets/04.Sprites/ETC/BackGround/GroundTile.png
  artifactKey: Guid(e597178b8366d9a48801734c37800e23) Importer(815301076,1909f56bfc062723c751e8b465ee728b)
Start importing Assets/04.Sprites/ETC/BackGround/GroundTile.png using Guid(e597178b8366d9a48801734c37800e23) Importer(815301076,1909f56bfc062723c751e8b465ee728b)  -> (artifact id: '339810f2ee5f83d88d4de10c432c2cbb') in 0.014523 seconds
  Import took 0.017431 seconds .

========================================================================
Received Import Request.
  Time since last request: 325.638556 seconds.
  path: Assets/04.Sprites/ETC/BackGround/GroundTile.png
  artifactKey: Guid(e597178b8366d9a48801734c37800e23) Importer(815301076,1909f56bfc062723c751e8b465ee728b)
Start importing Assets/04.Sprites/ETC/BackGround/GroundTile.png using Guid(e597178b8366d9a48801734c37800e23) Importer(815301076,1909f56bfc062723c751e8b465ee728b)  -> (artifact id: '7fd87bdd592fb81f997cfdb98f366a94') in 0.013235 seconds
  Import took 0.018669 seconds .

========================================================================
Received Import Request.
  Time since last request: 4.569398 seconds.
  path: Assets/04.Sprites/ETC/BackGround/GroundTile.png
  artifactKey: Guid(e597178b8366d9a48801734c37800e23) Importer(815301076,1909f56bfc062723c751e8b465ee728b)
Start importing Assets/04.Sprites/ETC/BackGround/GroundTile.png using Guid(e597178b8366d9a48801734c37800e23) Importer(815301076,1909f56bfc062723c751e8b465ee728b)  -> (artifact id: '48f4bc8ae93307f3eeda15ca7f10efd3') in 0.016065 seconds
  Import took 0.019939 seconds .

========================================================================
Received Import Request.
  Time since last request: 0.004227 seconds.
  path: Assets/04.Sprites/ETC/BackGround/GroundTile.png
  artifactKey: Guid(e597178b8366d9a48801734c37800e23) Importer(815301076,1909f56bfc062723c751e8b465ee728b)
Start importing Assets/04.Sprites/ETC/BackGround/GroundTile.png using Guid(e597178b8366d9a48801734c37800e23) Importer(815301076,1909f56bfc062723c751e8b465ee728b)  -> (artifact id: '48f4bc8ae93307f3eeda15ca7f10efd3') in 0.015390 seconds
  Import took 0.018859 seconds .

========================================================================
Received Import Request.
  Time since last request: 39980.456088 seconds.
  path: Assets/001.Script/BGMove.cs
  artifactKey: Guid(8114ebf3ae3513d4b9c98ee5ff90b9b4) Importer(815301076,1909f56bfc062723c751e8b465ee728b)
Start importing Assets/001.Script/BGMove.cs using Guid(8114ebf3ae3513d4b9c98ee5ff90b9b4) Importer(815301076,1909f56bfc062723c751e8b465ee728b)  -> (artifact id: '3944650b35a2ae3b20d3ebab2129f3a4') in 0.044918 seconds
  Import took 0.061166 seconds .

========================================================================
Received Prepare
Registering precompiled user dll's ...
Registered in 0.003014 seconds.
Begin MonoManager ReloadAssembly
Native extension for WindowsStandalone target not found
Refreshing native plugins compatible for Editor in 0.38 ms, found 1 plugins.
Preloading 0 native plugins for Editor in 0.00 ms.
Mono: successfully reloaded assembly
- Completed reload, in  0.958 seconds
Platform modules already initialized, skipping
Switching build target platform(19) subTarget(0) extendedPlatform(0) -> platform(13) subTarget(537395200) extendedPlatform(0)
Refreshing native plugins compatible for Editor in 0.34 ms, found 1 plugins.
Preloading 0 native plugins for Editor in 0.00 ms.
Unloading 1824 Unused Serialized files (Serialized files now loaded: 0)
System memory in use before: 88.6 MB.
System memory in use after: 88.6 MB.

Unloading 14 unused Assets to reduce memory usage. Loaded Objects now: 2284.
Total: 1.904900 ms (FindLiveObjects: 0.159600 ms CreateObjectMapping: 0.056900 ms MarkObjects: 1.567500 ms  DeleteObjects: 0.119800 ms)

AssetImportParameters requested are different than current active one (requested -> active):
  custom:graphics/normal-map-encoding: 01000000000000000000000000000000 -> 02000000000000000000000000000000
========================================================================
Received Import Request.
  Time since last request: 243.923398 seconds.
  path: Assets/001.Script/BGMove.cs
  artifactKey: Guid(8114ebf3ae3513d4b9c98ee5ff90b9b4) Importer(815301076,1909f56bfc062723c751e8b465ee728b)
Start importing Assets/001.Script/BGMove.cs using Guid(8114ebf3ae3513d4b9c98ee5ff90b9b4) Importer(815301076,1909f56bfc062723c751e8b465ee728b)  -> (artifact id: '9a65036b64ffa5d35720e4940442853c') in 0.007224 seconds
  Import took 0.010493 seconds .

========================================================================
Received Prepare
Registering precompiled user dll's ...
Registered in 0.002691 seconds.
Begin MonoManager ReloadAssembly
Native extension for WindowsStandalone target not found
Refreshing native plugins compatible for Editor in 0.34 ms, found 1 plugins.
Preloading 0 native plugins for Editor in 0.00 ms.
Mono: successfully reloaded assembly
- Completed reload, in  0.920 seconds
Platform modules already initialized, skipping
Switching build target platform(19) subTarget(0) extendedPlatform(0) -> platform(13) subTarget(537395200) extendedPlatform(0)
Refreshing native plugins compatible for Editor in 0.34 ms, found 1 plugins.
Preloading 0 native plugins for Editor in 0.00 ms.
Unloading 1825 Unused Serialized files (Serialized files now loaded: 0)
System memory in use before: 88.7 MB.
System memory in use after: 88.6 MB.

Unloading 14 unused Assets to reduce memory usage. Loaded Objects now: 2289.
Total: 2.249900 ms (FindLiveObjects: 0.203500 ms CreateObjectMapping: 0.062300 ms MarkObjects: 1.882100 ms  DeleteObjects: 0.101200 ms)

AssetImportParameters requested are different than current active one (requested -> active):
  custom:graphics/normal-map-encoding: 01000000000000000000000000000000 -> 02000000000000000000000000000000
========================================================================
Received Prepare
Registering precompiled user dll's ...
Registered in 0.002694 seconds.
Begin MonoManager ReloadAssembly
Native extension for WindowsStandalone target not found
Refreshing native plugins compatible for Editor in 0.35 ms, found 1 plugins.
Preloading 0 native plugins for Editor in 0.00 ms.
Mono: successfully reloaded assembly
- Completed reload, in  0.947 seconds
Platform modules already initialized, skipping
Switching build target platform(19) subTarget(0) extendedPlatform(0) -> platform(13) subTarget(537395200) extendedPlatform(0)
Refreshing native plugins compatible for Editor in 0.33 ms, found 1 plugins.
Preloading 0 native plugins for Editor in 0.00 ms.
Unloading 1825 Unused Serialized files (Serialized files now loaded: 0)
System memory in use before: 88.7 MB.
System memory in use after: 88.6 MB.

Unloading 14 unused Assets to reduce memory usage. Loaded Objects now: 2293.
Total: 2.345800 ms (FindLiveObjects: 0.195300 ms CreateObjectMapping: 0.052900 ms MarkObjects: 1.961700 ms  DeleteObjects: 0.134700 ms)

AssetImportParameters requested are different than current active one (requested -> active):
  custom:graphics/normal-map-encoding: 01000000000000000000000000000000 -> 02000000000000000000000000000000
========================================================================
Received Import Request.
  Time since last request: 95.778075 seconds.
  path: Assets/001.Script/BGMove.cs
  artifactKey: Guid(8114ebf3ae3513d4b9c98ee5ff90b9b4) Importer(815301076,1909f56bfc062723c751e8b465ee728b)
Start importing Assets/001.Script/BGMove.cs using Guid(8114ebf3ae3513d4b9c98ee5ff90b9b4) Importer(815301076,1909f56bfc062723c751e8b465ee728b)  -> (artifact id: 'c93d1ca1a49401963f47e4262491e26d') in 0.007093 seconds
  Import took 0.010943 seconds .

AssetImportWorkerClient::OnTransportError - code=2 error=End of file
