Using pre-set license
Built from '2020.3/staging' branch; Version is '2020.3.9f1 (108be757e447) revision 1084391'; Using compiler version '192528614'; Build Type 'Release'
OS: 'Windows 10 Pro; OS build 22000.258; Version 2009; 64bit' Language: 'ko' Physical Memory: 16233 MB
BatchMode: 1, IsHumanControllingUs: 0, StartBugReporterOnCrash: 0, Is64bit: 1, IsPro: 0

 COMMAND LINE ARGUMENTS:
F:\Unity\2020.3.9f1\Editor\Unity.exe
-adb2
-batchMode
-noUpm
-name
AssetImportWorker0
-projectPath
C:/Users/ROG/Desktop/MergeTest
-logFile
Logs/AssetImportWorker0.log
-srvPort
52181
Successfully changed project path to: C:/Users/ROG/Desktop/MergeTest
C:/Users/ROG/Desktop/MergeTest
Using Asset Import Pipeline V2.
Refreshing native plugins compatible for Editor in 37.77 ms, found 1 plugins.
Preloading 0 native plugins for Editor in 0.00 ms.
Initialize engine version: 2020.3.9f1 (108be757e447)
[Subsystems] Discovering subsystems at path F:/Unity/2020.3.9f1/Editor/Data/Resources/UnitySubsystems
[Subsystems] Discovering subsystems at path C:/Users/ROG/Desktop/MergeTest/Assets
GfxDevice: creating device client; threaded=0
Direct3D:
    Version:  Direct3D 11.0 [level 11.1]
    Renderer: NVIDIA GeForce RTX 2060 (ID=0x1f11)
    Vendor:   
    VRAM:     5980 MB
    Driver:   27.21.14.5763
Initialize mono
Mono path[0] = 'F:/Unity/2020.3.9f1/Editor/Data/Managed'
Mono path[1] = 'F:/Unity/2020.3.9f1/Editor/Data/MonoBleedingEdge/lib/mono/unityjit'
Mono config path = 'F:/Unity/2020.3.9f1/Editor/Data/MonoBleedingEdge/etc'
Using monoOptions --debugger-agent=transport=dt_socket,embedding=1,server=y,suspend=n,address=127.0.0.1:56856
Begin MonoManager ReloadAssembly
Registering precompiled unity dll's ...
Register platform support module: F:/Unity/2020.3.9f1/Editor/Data/PlaybackEngines/WindowsStandaloneSupport/UnityEditor.WindowsStandalone.Extensions.dll
Registered in 0.001776 seconds.
Native extension for WindowsStandalone target not found
Refreshing native plugins compatible for Editor in 36.15 ms, found 1 plugins.
Preloading 0 native plugins for Editor in 0.00 ms.
Mono: successfully reloaded assembly
- Completed reload, in  2.833 seconds
Platform modules already initialized, skipping
Registering precompiled user dll's ...
Registered in 0.002880 seconds.
Begin MonoManager ReloadAssembly
Native extension for WindowsStandalone target not found
Refreshing native plugins compatible for Editor in 33.93 ms, found 1 plugins.
Preloading 0 native plugins for Editor in 0.00 ms.
Mono: successfully reloaded assembly
- Completed reload, in  0.947 seconds
Platform modules already initialized, skipping
========================================================================
Worker process is ready to serve import requests
Launched and connected shader compiler UnityShaderCompiler.exe after 0.22 seconds
Refreshing native plugins compatible for Editor in 0.41 ms, found 1 plugins.
Preloading 0 native plugins for Editor in 0.00 ms.
Unloading 1828 Unused Serialized files (Serialized files now loaded: 0)
System memory in use before: 85.7 MB.
System memory in use after: 85.6 MB.

Unloading 26 unused Assets to reduce memory usage. Loaded Objects now: 2277.
Total: 2.006100 ms (FindLiveObjects: 0.152300 ms CreateObjectMapping: 0.053200 ms MarkObjects: 1.681000 ms  DeleteObjects: 0.118500 ms)

========================================================================
Received Import Request.
  path: Assets/001.Script/Merge.cs
  artifactKey: Guid(88dde83e07881a543916fe428a17d84c) Importer(815301076,1909f56bfc062723c751e8b465ee728b)
Start importing Assets/001.Script/Merge.cs using Guid(88dde83e07881a543916fe428a17d84c) Importer(815301076,1909f56bfc062723c751e8b465ee728b)  -> (artifact id: '1ad7a2ae34e1a5e5e90192dfbe9b95ed') in 0.060331 seconds
  Import took 0.065072 seconds .

========================================================================
Received Prepare
Registering precompiled user dll's ...
Registered in 0.003165 seconds.
Begin MonoManager ReloadAssembly
Native extension for WindowsStandalone target not found
Refreshing native plugins compatible for Editor in 0.35 ms, found 1 plugins.
Preloading 0 native plugins for Editor in 0.00 ms.
Mono: successfully reloaded assembly
- Completed reload, in  0.898 seconds
Platform modules already initialized, skipping
Switching build target platform(19) subTarget(0) extendedPlatform(0) -> platform(13) subTarget(537395200) extendedPlatform(0)
Refreshing native plugins compatible for Editor in 0.33 ms, found 1 plugins.
Preloading 0 native plugins for Editor in 0.00 ms.
Unloading 1826 Unused Serialized files (Serialized files now loaded: 0)
System memory in use before: 85.6 MB.
System memory in use after: 85.6 MB.

Unloading 14 unused Assets to reduce memory usage. Loaded Objects now: 2281.
Total: 1.994400 ms (FindLiveObjects: 0.165400 ms CreateObjectMapping: 0.059100 ms MarkObjects: 1.671100 ms  DeleteObjects: 0.098000 ms)

AssetImportParameters requested are different than current active one (requested -> active):
  custom:graphics/normal-map-encoding: 01000000000000000000000000000000 -> 02000000000000000000000000000000
========================================================================
Received Import Request.
  Time since last request: 171.094405 seconds.
  path: Assets/001.Script/Merge.cs
  artifactKey: Guid(88dde83e07881a543916fe428a17d84c) Importer(815301076,1909f56bfc062723c751e8b465ee728b)
Start importing Assets/001.Script/Merge.cs using Guid(88dde83e07881a543916fe428a17d84c) Importer(815301076,1909f56bfc062723c751e8b465ee728b)  -> (artifact id: 'b4fb097e1508cb04eff9d6a3cdfb1f06') in 0.005925 seconds
  Import took 0.009649 seconds .

========================================================================
Received Prepare
Registering precompiled user dll's ...
Registered in 0.002942 seconds.
Begin MonoManager ReloadAssembly
Native extension for WindowsStandalone target not found
Refreshing native plugins compatible for Editor in 0.34 ms, found 1 plugins.
Preloading 0 native plugins for Editor in 0.00 ms.
Mono: successfully reloaded assembly
- Completed reload, in  1.057 seconds
Platform modules already initialized, skipping
Switching build target platform(19) subTarget(0) extendedPlatform(0) -> platform(13) subTarget(537395200) extendedPlatform(0)
Refreshing native plugins compatible for Editor in 0.33 ms, found 1 plugins.
Preloading 0 native plugins for Editor in 0.00 ms.
Unloading 1826 Unused Serialized files (Serialized files now loaded: 0)
System memory in use before: 85.6 MB.
System memory in use after: 85.6 MB.

Unloading 14 unused Assets to reduce memory usage. Loaded Objects now: 2285.
Total: 1.972700 ms (FindLiveObjects: 0.169900 ms CreateObjectMapping: 0.049000 ms MarkObjects: 1.652100 ms  DeleteObjects: 0.100200 ms)

AssetImportParameters requested are different than current active one (requested -> active):
  custom:graphics/normal-map-encoding: 01000000000000000000000000000000 -> 02000000000000000000000000000000
========================================================================
Received Prepare
Registering precompiled user dll's ...
Registered in 0.002819 seconds.
Begin MonoManager ReloadAssembly
Native extension for WindowsStandalone target not found
Refreshing native plugins compatible for Editor in 0.34 ms, found 1 plugins.
Preloading 0 native plugins for Editor in 0.00 ms.
Mono: successfully reloaded assembly
- Completed reload, in  0.927 seconds
Platform modules already initialized, skipping
Switching build target platform(19) subTarget(0) extendedPlatform(0) -> platform(13) subTarget(537395200) extendedPlatform(0)
Refreshing native plugins compatible for Editor in 0.36 ms, found 1 plugins.
Preloading 0 native plugins for Editor in 0.00 ms.
Unloading 1826 Unused Serialized files (Serialized files now loaded: 0)
System memory in use before: 85.6 MB.
System memory in use after: 85.6 MB.

Unloading 14 unused Assets to reduce memory usage. Loaded Objects now: 2289.
Total: 2.234900 ms (FindLiveObjects: 0.177300 ms CreateObjectMapping: 0.067800 ms MarkObjects: 1.880600 ms  DeleteObjects: 0.108000 ms)

AssetImportParameters requested are different than current active one (requested -> active):
  custom:graphics/normal-map-encoding: 01000000000000000000000000000000 -> 02000000000000000000000000000000
========================================================================
Received Import Request.
  Time since last request: 2072.934789 seconds.
  path: Assets/001.Script/Merge.cs
  artifactKey: Guid(88dde83e07881a543916fe428a17d84c) Importer(815301076,1909f56bfc062723c751e8b465ee728b)
Start importing Assets/001.Script/Merge.cs using Guid(88dde83e07881a543916fe428a17d84c) Importer(815301076,1909f56bfc062723c751e8b465ee728b)  -> (artifact id: 'd6a566cd4c58ab4a079863f354cac245') in 0.008582 seconds
  Import took 0.014056 seconds .

========================================================================
Received Import Request.
  Time since last request: 0.014011 seconds.
  path: Assets/001.Script/Merge.cs
  artifactKey: Guid(88dde83e07881a543916fe428a17d84c) Importer(815301076,1909f56bfc062723c751e8b465ee728b)
Start importing Assets/001.Script/Merge.cs using Guid(88dde83e07881a543916fe428a17d84c) Importer(815301076,1909f56bfc062723c751e8b465ee728b)  -> (artifact id: 'd6a566cd4c58ab4a079863f354cac245') in 0.004483 seconds
  Import took 0.007704 seconds .

========================================================================
Received Import Request.
  Time since last request: 49.135291 seconds.
  path: Assets/001.Script/Merge.cs
  artifactKey: Guid(88dde83e07881a543916fe428a17d84c) Importer(815301076,1909f56bfc062723c751e8b465ee728b)
Start importing Assets/001.Script/Merge.cs using Guid(88dde83e07881a543916fe428a17d84c) Importer(815301076,1909f56bfc062723c751e8b465ee728b)  -> (artifact id: '7bdfca8210852c8962d8e84156e8e94f') in 0.004939 seconds
  Import took 0.009425 seconds .

========================================================================
Received Import Request.
  Time since last request: 103.898703 seconds.
  path: Assets/001.Script/Merge.cs
  artifactKey: Guid(88dde83e07881a543916fe428a17d84c) Importer(815301076,1909f56bfc062723c751e8b465ee728b)
Start importing Assets/001.Script/Merge.cs using Guid(88dde83e07881a543916fe428a17d84c) Importer(815301076,1909f56bfc062723c751e8b465ee728b)  -> (artifact id: '1cfde671c3b758f684a49596f8cc21c8') in 0.014291 seconds
  Import took 0.022846 seconds .

========================================================================
Received Prepare
Registering precompiled user dll's ...
Registered in 0.004568 seconds.
Begin MonoManager ReloadAssembly
Native extension for WindowsStandalone target not found
Refreshing native plugins compatible for Editor in 0.47 ms, found 1 plugins.
Preloading 0 native plugins for Editor in 0.00 ms.
Mono: successfully reloaded assembly
- Completed reload, in  1.129 seconds
Platform modules already initialized, skipping
Switching build target platform(19) subTarget(0) extendedPlatform(0) -> platform(13) subTarget(537395200) extendedPlatform(0)
Refreshing native plugins compatible for Editor in 0.38 ms, found 1 plugins.
Preloading 0 native plugins for Editor in 0.00 ms.
Unloading 1826 Unused Serialized files (Serialized files now loaded: 0)
System memory in use before: 85.7 MB.
System memory in use after: 85.6 MB.

Unloading 14 unused Assets to reduce memory usage. Loaded Objects now: 2293.
Total: 2.730800 ms (FindLiveObjects: 0.208800 ms CreateObjectMapping: 0.070100 ms MarkObjects: 2.234300 ms  DeleteObjects: 0.215600 ms)

AssetImportParameters requested are different than current active one (requested -> active):
  custom:graphics/normal-map-encoding: 01000000000000000000000000000000 -> 02000000000000000000000000000000
========================================================================
Received Import Request.
  Time since last request: 596.549285 seconds.
  path: Assets/001.Script/Merge.cs
  artifactKey: Guid(88dde83e07881a543916fe428a17d84c) Importer(815301076,1909f56bfc062723c751e8b465ee728b)
Start importing Assets/001.Script/Merge.cs using Guid(88dde83e07881a543916fe428a17d84c) Importer(815301076,1909f56bfc062723c751e8b465ee728b)  -> (artifact id: 'df5ff41556d296c5f8e14a63740b0b45') in 0.008786 seconds
  Import took 0.013862 seconds .

AssetImportWorkerClient::OnTransportError - code=2 error=End of file
